
Project Performance Summary:
       43 ms  C:\Users\uniqu\Desktop\C\Visual Studio\Chapter9\Chapter9_11\Chapter9_11.vcxproj   1 calls
                 43 ms  Clean                                      1 calls

Target Performance Summary:
        0 ms  _CheckForInvalidConfigurationAndPlatform   1 calls
        0 ms  PGInstrumentedClean                        1 calls
        0 ms  AfterCppClean                              1 calls
        0 ms  BeforeCppClean                             1 calls
        0 ms  AfterClean                                 1 calls
        0 ms  CppClean                                   1 calls
        0 ms  PrepareProjectReferences                   1 calls
        0 ms  CleanReferencedProjects                    1 calls
        0 ms  _SplitProjectReferencesByFileExistence     1 calls
        0 ms  BeforeClean                                1 calls
        0 ms  _GetProjectReferenceTargetFrameworkProperties   1 calls
        0 ms  Clean                                      1 calls
        1 ms  CleanPublishFolder                         1 calls
        1 ms  _PrepareForClean                           1 calls
        1 ms  AssignProjectConfiguration                 1 calls
        1 ms  CoreClean                                  1 calls
       37 ms  CoreCppClean                               1 calls

Task Performance Summary:
        0 ms  Message                                    2 calls
        0 ms  Delete                                     4 calls
        0 ms  FindUnderPath                              2 calls
        0 ms  RemoveDuplicates                           1 calls
        0 ms  MakeDir                                    2 calls
        0 ms  AssignProjectConfiguration                 1 calls
        0 ms  MSBuild                                    1 calls
        1 ms  ReadLinesFromFile                          1 calls
        2 ms  WriteLinesToFile                           2 calls
       35 ms  CppClean                                   1 calls
