c:\users\uniqu\source\repos\chapter8\chapter8_12\debug\vc141.pdb
c:\users\uniqu\source\repos\chapter8\chapter8_12\debug\vc141.idb
c:\users\uniqu\source\repos\chapter8\chapter8_12\debug\chapter8_12a.obj
c:\users\uniqu\source\repos\chapter8\chapter8_12\debug\chapter8_12.obj
c:\users\uniqu\source\repos\chapter8\debug\chapter8_12.exe
c:\users\uniqu\source\repos\chapter8\debug\chapter8_12.ilk
c:\users\uniqu\source\repos\chapter8\debug\chapter8_12.pdb
c:\users\uniqu\desktop\c\visual studio\chapter8\chapter8_12\debug\chapter8_12.obj
c:\users\uniqu\desktop\c\visual studio\chapter8\chapter8_12\debug\chapter8_12a.obj
c:\users\uniqu\desktop\c\visual studio\chapter8\chapter8_12\debug\vc141.idb
c:\users\uniqu\desktop\c\visual studio\chapter8\chapter8_12\debug\vc141.pdb
c:\users\uniqu\desktop\c\visual studio\chapter8\debug\chapter8_12.pdb
c:\users\uniqu\desktop\c\visual studio\chapter8\debug\chapter8_12.exe
c:\users\uniqu\desktop\c\visual studio\chapter8\debug\chapter8_12.ilk
c:\users\uniqu\desktop\c\visual studio\chapter8\chapter8_12\debug\chapter8_12.tlog\cl.command.1.tlog
c:\users\uniqu\desktop\c\visual studio\chapter8\chapter8_12\debug\chapter8_12.tlog\cl.read.1.tlog
c:\users\uniqu\desktop\c\visual studio\chapter8\chapter8_12\debug\chapter8_12.tlog\cl.write.1.tlog
c:\users\uniqu\desktop\c\visual studio\chapter8\chapter8_12\debug\chapter8_12.tlog\link.command.1.tlog
c:\users\uniqu\desktop\c\visual studio\chapter8\chapter8_12\debug\chapter8_12.tlog\link.read.1.tlog
c:\users\uniqu\desktop\c\visual studio\chapter8\chapter8_12\debug\chapter8_12.tlog\link.write.1.tlog
