  Chapter2_4.cpp
c:\users\uniqu\desktop\c\visual studio\chapter2\chapter2_4\chapter2_4.cpp(10): error C2374: 'i': redefinition; multiple initialization
  c:\users\uniqu\desktop\c\visual studio\chapter2\chapter2_4\chapter2_4.cpp(8): note: see declaration of 'i'

Project Performance Summary:
      571 ms  C:\Users\uniqu\Desktop\C\Visual Studio\Chapter2\Chapter2_4\Chapter2_4.vcxproj   1 calls
                571 ms  Build                                      1 calls

Target Performance Summary:
        0 ms  ResolveReferences                          1 calls
        0 ms  BuildGenerateSourcesTraverse               1 calls
        0 ms  BeforeBuildGenerateSources                 1 calls
        0 ms  PreBuildEvent                              1 calls
        0 ms  _SelectedFiles                             1 calls
        0 ms  _Xsd                                       1 calls
        0 ms  MakeDirsForMidl                            1 calls
        0 ms  ComputeMIDLGeneratedCompileInputs          1 calls
        0 ms  AfterMidl                                  1 calls
        0 ms  _Midl                                      1 calls
        0 ms  AfterBuildGenerateSources                  1 calls
        0 ms  AfterBuildGenerateSourcesEvent             1 calls
        0 ms  _BuildGenerateSourcesAction                1 calls
        0 ms  BuildGenerateSources                       1 calls
        0 ms  BuildCompileTraverse                       1 calls
        0 ms  BeforeClCompile                            1 calls
        0 ms  ComputeCLInputPDBName                      1 calls
        0 ms  WarnCompileDuplicatedFilename              1 calls
        0 ms  SelectClCompile                            1 calls
        0 ms  AfterResolveReferences                     1 calls
        0 ms  MakeDirsForCl                              1 calls
        0 ms  ExpandSDKReferences                        1 calls
        0 ms  ResolveSDKReferences                       1 calls
        0 ms  SetCABuildNativeEnvironmentVariables       1 calls
        0 ms  _CheckWindowsSDKInstalled                  1 calls
        0 ms  PlatformPrepareForBuild                    1 calls
        0 ms  SetBuildDefaultEnvironmentVariables        1 calls
        0 ms  GetReferenceAssemblyPaths                  1 calls
        0 ms  ResolveAssemblyReferences                  1 calls
        0 ms  SelectCustomBuild                          1 calls
        0 ms  PrepareProjectReferences                   1 calls
        0 ms  _PrepareForReferenceResolution             1 calls
        0 ms  BeforeResolveReferences                    1 calls
        1 ms  FixupCLCompileOptions                      1 calls
        1 ms  _PrepareForBuild                           1 calls
        1 ms  ComputeReferenceCLInput                    1 calls
        1 ms  GetResolvedWinMD                           1 calls
        1 ms  GetFrameworkPaths                          1 calls
        1 ms  _SplitProjectReferencesByFileExistence     1 calls
        2 ms  _GetProjectReferenceTargetFrameworkProperties   1 calls
        2 ms  AssignProjectConfiguration                 1 calls
        6 ms  PrepareForBuild                            1 calls
        8 ms  CopyFileToFolders                          1 calls
        8 ms  SetTelemetryEnvironmentVariables           1 calls
        9 ms  InitializeBuildStatus                      1 calls
       22 ms  _CheckForInvalidConfigurationAndPlatform   1 calls
       23 ms  ResolveProjectReferences                   1 calls
      477 ms  ClCompile                                  1 calls

Task Performance Summary:
        1 ms  MakeDir                                    4 calls
        1 ms  SetEnv                                     8 calls
        1 ms  AssignProjectConfiguration                 1 calls
        2 ms  Touch                                      1 calls
        2 ms  MSBuild                                    1 calls
        2 ms  WriteLinesToFile                           1 calls
        3 ms  Message                                    2 calls
        5 ms  ReadLinesFromFile                          1 calls
        8 ms  GetOutOfDateItems                          1 calls
      477 ms  CL                                         1 calls
