
Project Performance Summary:
      179 ms  C:\Users\uniqu\Desktop\C\Visual Studio\Chapter10\Chapter10_6\Chapter10_6.vcxproj   1 calls
                179 ms  Clean                                      1 calls

Target Performance Summary:
        0 ms  CleanReferencedProjects                    1 calls
        0 ms  AfterCppClean                              1 calls
        0 ms  BeforeCppClean                             1 calls
        0 ms  AfterClean                                 1 calls
        0 ms  CleanPublishFolder                         1 calls
        0 ms  CppClean                                   1 calls
        0 ms  PrepareProjectReferences                   1 calls
        0 ms  Clean                                      1 calls
        0 ms  _SplitProjectReferencesByFileExistence     1 calls
        0 ms  BeforeClean                                1 calls
        1 ms  PGInstrumentedClean                        1 calls
        1 ms  _PrepareForClean                           1 calls
       10 ms  _GetProjectReferenceTargetFrameworkProperties   1 calls
       10 ms  AssignProjectConfiguration                 1 calls
       19 ms  CoreCppClean                               1 calls
       46 ms  CoreClean                                  1 calls
       57 ms  _CheckForInvalidConfigurationAndPlatform   1 calls

Task Performance Summary:
        1 ms  RemoveDuplicates                           1 calls
        2 ms  WriteLinesToFile                           2 calls
        2 ms  MakeDir                                    2 calls
        4 ms  ReadLinesFromFile                          1 calls
        4 ms  MSBuild                                    1 calls
        4 ms  AssignProjectConfiguration                 1 calls
        8 ms  CppClean                                   1 calls
       12 ms  FindUnderPath                              2 calls
       17 ms  Message                                    2 calls
       17 ms  Delete                                     3 calls
